<?xml version="1.0" encoding="UTF-8"?>
<testng-results ignored="0" total="1" passed="1" failed="0" skipped="0">
  <reporter-output>
  </reporter-output>
  <suite started-at="2022-07-17T16:28:23 IST" name="Suite" finished-at="2022-07-17T16:29:34 IST" duration-ms="70686">
    <groups>
    </groups>
    <test started-at="2022-07-17T16:28:23 IST" name="Test" finished-at="2022-07-17T16:29:34 IST" duration-ms="70686">
      <class name="MetribesAutomation.MetribesAutomation.testMtribesApp">
        <test-method is-config="true" signature="setpage()[pri:0, instance:MetribesAutomation.MetribesAutomation.testMtribesApp@7772d266]" started-at="2022-07-17T16:28:23 IST" name="setpage" finished-at="2022-07-17T16:28:24 IST" duration-ms="396" status="PASS">
          <reporter-output>
          </reporter-output>
        </test-method> <!-- setpage -->
        <test-method signature="verifyLoginAndLogout()[pri:1, instance:MetribesAutomation.MetribesAutomation.testMtribesApp@7772d266]" started-at="2022-07-17T16:28:24 IST" name="verifyLoginAndLogout" description="A user can login and logout of mtribes successfully" finished-at="2022-07-17T16:29:34 IST" duration-ms="69927" status="PASS">
          <reporter-output>
          </reporter-output>
        </test-method> <!-- verifyLoginAndLogout -->
        <test-method is-config="true" signature="teardown()[pri:0, instance:MetribesAutomation.MetribesAutomation.testMtribesApp@7772d266]" started-at="2022-07-17T16:29:34 IST" name="teardown" finished-at="2022-07-17T16:29:34 IST" duration-ms="324" status="PASS">
          <reporter-output>
          </reporter-output>
        </test-method> <!-- teardown -->
      </class> <!-- MetribesAutomation.MetribesAutomation.testMtribesApp -->
    </test> <!-- Test -->
  </suite> <!-- Suite -->
</testng-results>
